<?xml version="1.0" encoding="UTF-8"?>
<testng-results skipped="0" failed="0" ignored="0" total="1" passed="1">
  <reporter-output>
  </reporter-output>
  <suite name="Default suite" duration-ms="2904" started-at="2020-04-13T21:24:29 IST" finished-at="2020-04-13T21:24:32 IST">
    <groups>
    </groups>
    <test name="Default test" duration-ms="2904" started-at="2020-04-13T21:24:29 IST" finished-at="2020-04-13T21:24:32 IST">
      <class name="files.Staticjson">
        <test-method status="PASS" signature="addBook()[pri:0, instance:files.Staticjson@3b088d51]" name="addBook" duration-ms="2869" started-at="2020-04-13T21:24:29 IST" finished-at="2020-04-13T21:24:32 IST">
          <reporter-output>
          </reporter-output>
        </test-method> <!-- addBook -->
      </class> <!-- files.Staticjson -->
    </test> <!-- Default test -->
  </suite> <!-- Default suite -->
</testng-results>
